This is pdfTeX, Version 3.14159265-2.6-1.40.16 (MiKTeX 2.9 64-bit) (preloaded format=pdflatex 2016.1.26)  26 FEB 2016 17:05
entering extended mode
**./accv2016submission.tex
(accv2016submission.tex
LaTeX2e <2015/10/01> patch level 2
Babel <3.9m> and hyphenation patterns for 69 languages loaded.
(llncs.cls
Document Class: llncs 2002/01/28 v2.13 
 LaTeX document class for Lecture Notes in Computer Science
(C:\MiKTeX\tex\latex\base\article.cls
Document Class: article 2014/09/29 v1.4h Standard LaTeX document class
(C:\MiKTeX\tex\latex\base\size10.clo
File: size10.clo 2014/09/29 v1.4h Standard LaTeX file (size option)
)
\c@part=\count79
\c@section=\count80
\c@subsection=\count81
\c@subsubsection=\count82
\c@paragraph=\count83
\c@subparagraph=\count84
\c@figure=\count85
\c@table=\count86
\abovecaptionskip=\skip41
\belowcaptionskip=\skip42
\bibindent=\dimen102
) (C:\MiKTeX\tex\latex\tools\multicol.sty
Package: multicol 2015/08/19 v1.8n multicolumn formatting (FMi)
\c@tracingmulticols=\count87
\mult@box=\box26
\multicol@leftmargin=\dimen103
\c@unbalance=\count88
\c@collectmore=\count89
\doublecol@number=\count90
\multicoltolerance=\count91
\multicolpretolerance=\count92
\full@width=\dimen104
\page@free=\dimen105
\premulticols=\dimen106
\postmulticols=\dimen107
\multicolsep=\skip43
\multicolbaselineskip=\skip44
\partial@page=\box27
\last@line=\box28
\maxbalancingoverflow=\dimen108
\mult@rightbox=\box29
\mult@grightbox=\box30
\mult@gfirstbox=\box31
\mult@firstbox=\box32
\@tempa=\box33
\@tempa=\box34
\@tempa=\box35
\@tempa=\box36
\@tempa=\box37
\@tempa=\box38
\@tempa=\box39
\@tempa=\box40
\@tempa=\box41
\@tempa=\box42
\@tempa=\box43
\@tempa=\box44
\@tempa=\box45
\@tempa=\box46
\@tempa=\box47
\@tempa=\box48
\@tempa=\box49
\c@columnbadness=\count93
\c@finalcolumnbadness=\count94
\last@try=\dimen109
\multicolovershoot=\dimen110
\multicolundershoot=\dimen111
\mult@nat@firstbox=\box50
\colbreak@box=\box51
\mc@col@check@num=\count95
)
\c@chapter=\count96
LaTeX Font Info:    Redeclaring math symbol \Gamma on input line 360.
LaTeX Font Info:    Redeclaring math symbol \Delta on input line 361.
LaTeX Font Info:    Redeclaring math symbol \Theta on input line 362.
LaTeX Font Info:    Redeclaring math symbol \Lambda on input line 363.
LaTeX Font Info:    Redeclaring math symbol \Xi on input line 364.
LaTeX Font Info:    Redeclaring math symbol \Pi on input line 365.
LaTeX Font Info:    Redeclaring math symbol \Sigma on input line 366.
LaTeX Font Info:    Redeclaring math symbol \Upsilon on input line 367.
LaTeX Font Info:    Redeclaring math symbol \Phi on input line 368.
LaTeX Font Info:    Redeclaring math symbol \Psi on input line 369.
LaTeX Font Info:    Redeclaring math symbol \Omega on input line 370.
\tocchpnum=\dimen112
\tocsecnum=\dimen113
\tocsectotal=\dimen114
\tocsubsecnum=\dimen115
\tocsubsectotal=\dimen116
\tocsubsubsecnum=\dimen117
\tocsubsubsectotal=\dimen118
\tocparanum=\dimen119
\tocparatotal=\dimen120
\tocsubparanum=\dimen121
\@tempcntc=\count97
\fnindent=\dimen122
\c@@inst=\count98
\c@@auth=\count99
\c@auco=\count100
\instindent=\dimen123
\authrun=\box52
\authorrunning=\toks14
\tocauthor=\toks15
\titrun=\box53
\titlerunning=\toks16
\toctitle=\toks17
\c@theorem=\count101
\c@case=\count102
\c@conjecture=\count103
\c@corollary=\count104
\c@definition=\count105
\c@example=\count106
\c@exercise=\count107
\c@lemma=\count108
\c@note=\count109
\c@problem=\count110
\c@property=\count111
\c@proposition=\count112
\c@question=\count113
\c@solution=\count114
\c@remark=\count115
\headlineindent=\dimen124
) (C:\MiKTeX\tex\latex\graphics\graphicx.sty
Package: graphicx 2014/10/28 v1.0g Enhanced LaTeX Graphics (DPC,SPQR)

(C:\MiKTeX\tex\latex\graphics\keyval.sty
Package: keyval 2014/10/28 v1.15 key=value parser (DPC)
\KV@toks@=\toks18
)
(C:\MiKTeX\tex\latex\graphics\graphics.sty
Package: graphics 2014/10/28 v1.0p Standard LaTeX Graphics (DPC,SPQR)

(C:\MiKTeX\tex\latex\graphics\trig.sty
Package: trig 1999/03/16 v1.09 sin cos tan (DPC)
)
(C:\MiKTeX\tex\latex\00miktex\graphics.cfg
File: graphics.cfg 2007/01/18 v1.5 graphics configuration of teTeX/TeXLive
)
Package graphics Info: Driver file: pdftex.def on input line 94.

(C:\MiKTeX\tex\latex\pdftex-def\pdftex.def
File: pdftex.def 2011/05/27 v0.06d Graphics/color for pdfTeX

(C:\MiKTeX\tex\generic\oberdiek\infwarerr.sty
Package: infwarerr 2010/04/08 v1.3 Providing info/warning/error messages (HO)
)
(C:\MiKTeX\tex\generic\oberdiek\ltxcmds.sty
Package: ltxcmds 2011/11/09 v1.22 LaTeX kernel commands for general use (HO)
)
\Gread@gobject=\count116
))
\Gin@req@height=\dimen125
\Gin@req@width=\dimen126
)
(C:\MiKTeX\tex\latex\amsmath\amsmath.sty
Package: amsmath 2013/01/14 v2.14 AMS math features
\@mathmargin=\skip45

For additional information on amsmath, use the `?' option.
(C:\MiKTeX\tex\latex\amsmath\amstext.sty
Package: amstext 2000/06/29 v2.01

(C:\MiKTeX\tex\latex\amsmath\amsgen.sty
File: amsgen.sty 1999/11/30 v2.0
\@emptytoks=\toks19
\ex@=\dimen127
))
(C:\MiKTeX\tex\latex\amsmath\amsbsy.sty
Package: amsbsy 1999/11/29 v1.2d
\pmbraise@=\dimen128
)
(C:\MiKTeX\tex\latex\amsmath\amsopn.sty
Package: amsopn 1999/12/14 v2.01 operator names
)
\inf@bad=\count117
LaTeX Info: Redefining \frac on input line 210.
\uproot@=\count118
\leftroot@=\count119
LaTeX Info: Redefining \overline on input line 306.
\classnum@=\count120
\DOTSCASE@=\count121
LaTeX Info: Redefining \ldots on input line 378.
LaTeX Info: Redefining \dots on input line 381.
LaTeX Info: Redefining \cdots on input line 466.
\Mathstrutbox@=\box54
\strutbox@=\box55
\big@size=\dimen129
LaTeX Font Info:    Redeclaring font encoding OML on input line 566.
LaTeX Font Info:    Redeclaring font encoding OMS on input line 567.


Package amsmath Warning: Unable to redefine math accent \vec.

\macc@depth=\count122
\c@MaxMatrixCols=\count123
\dotsspace@=\muskip10
\c@parentequation=\count124
\dspbrk@lvl=\count125
\tag@help=\toks20
\row@=\count126
\column@=\count127
\maxfields@=\count128
\andhelp@=\toks21
\eqnshift@=\dimen130
\alignsep@=\dimen131
\tagshift@=\dimen132
\tagwidth@=\dimen133
\totwidth@=\dimen134
\lineht@=\dimen135
\@envbody=\toks22
\multlinegap=\skip46
\multlinetaggap=\skip47
\mathdisplay@stack=\toks23
LaTeX Info: Redefining \[ on input line 2665.
LaTeX Info: Redefining \] on input line 2666.
) (C:\MiKTeX\tex\latex\amsfonts\amssymb.sty
Package: amssymb 2013/01/14 v3.01 AMS font symbols

(C:\MiKTeX\tex\latex\amsfonts\amsfonts.sty
Package: amsfonts 2013/01/14 v3.01 Basic AMSFonts support
\symAMSa=\mathgroup4
\symAMSb=\mathgroup5
LaTeX Font Info:    Overwriting math alphabet `\mathfrak' in version `bold'
(Font)                  U/euf/m/n --> U/euf/b/n on input line 106.
)) (ruler.sty
Package: ruler 
 (eso-pic.sty
Package: eso-pic 2002/11/16 v1.1b eso-pic (RN)

(cvpr_eso.sty

LaTeX Warning: You have requested package `eso-pic',
               but the package provides `cvpr_eso'.

Package: cvpr_eso 2011/12/13 v1.00 CVPR ESO based on everyshi
))
\cvprrulerbox=\box56
\cvprrulercount=\count129
\cvprrulercounttmp=\count130
\cvprruleroffset=\dimen136
\cv@lineheight=\dimen137
\cv@boxheight=\dimen138
\cv@tmpbox=\box57
\cv@refno=\count131
\cv@tot=\count132
\cv@tmpc@=\count133
\cv@tmpc=\count134
) (C:\MiKTeX\tex\latex\graphics\color.sty
Package: color 2014/10/28 v1.1a Standard LaTeX Color (DPC)

(C:\MiKTeX\tex\latex\00miktex\color.cfg
File: color.cfg 2007/01/18 v1.5 color configuration of teTeX/TeXLive
)
Package color Info: Driver file: pdftex.def on input line 142.
) (accv2016submission.aux)
\openout1 = `accv2016submission.aux'.

LaTeX Font Info:    Checking defaults for OML/cmm/m/it on input line 14.
LaTeX Font Info:    ... okay on input line 14.
LaTeX Font Info:    Checking defaults for T1/cmr/m/n on input line 14.
LaTeX Font Info:    ... okay on input line 14.
LaTeX Font Info:    Checking defaults for OT1/cmr/m/n on input line 14.
LaTeX Font Info:    ... okay on input line 14.
LaTeX Font Info:    Checking defaults for OMS/cmsy/m/n on input line 14.
LaTeX Font Info:    ... okay on input line 14.
LaTeX Font Info:    Checking defaults for OMX/cmex/m/n on input line 14.
LaTeX Font Info:    ... okay on input line 14.
LaTeX Font Info:    Checking defaults for U/cmr/m/n on input line 14.
LaTeX Font Info:    ... okay on input line 14.

(C:\MiKTeX\tex\context\base\supp-pdf.mkii
[Loading MPS to PDF converter (version 2006.09.02).]
\scratchcounter=\count135
\scratchdimen=\dimen139
\scratchbox=\box58
\nofMPsegments=\count136
\nofMParguments=\count137
\everyMPshowfont=\toks24
\MPscratchCnt=\count138
\MPscratchDim=\dimen140
\MPnumerator=\count139
\makeMPintoPDFobject=\count140
\everyMPtoPDFconversion=\toks25
) ABD: EveryShipout initializing macros
LaTeX Font Info:    Try loading font information for U+msa on input line 28.
 (C:\MiKTeX\tex\latex\amsfonts\umsa.fd
File: umsa.fd 2013/01/14 v3.01 AMS symbols A
)
LaTeX Font Info:    Try loading font information for U+msb on input line 28.

(C:\MiKTeX\tex\latex\amsfonts\umsb.fd
File: umsb.fd 2013/01/14 v3.01 AMS symbols B
)
<accv16.png, id=1, 805.0075pt x 372.39125pt>
File: accv16.png Graphic file (type png)
 <use accv16.png>
Package pdftex.def Info: accv16.png used on input line 74.
(pdftex.def)             Requested size: 341.43306pt x 157.94313pt.
 [1{C:/Users/htchen/AppData/Local/MiKTeX/2.9/pdftex/config/pdftex.map}


] [2 <./accv16.png>]
[3]
Underfull \hbox (badness 10000) in paragraph at lines 218--224

 []

[4]
Overfull \hbox (3.8771pt too wide) in paragraph at lines 313--319
\OT1/cmr/m/n/10 of Col-lage Lan-guages,'' ``On Cor-rect-ing the In-tru-sion of 
Trac-ing Non-deterministic
 []

[5] <eijkel2.pdf, id=32, 491.8375pt x 399.4925pt>
File: eijkel2.pdf Graphic file (type pdf)
 <use eijkel2.pdf>
Package pdftex.def Info: eijkel2.pdf used on input line 359.
(pdftex.def)             Requested size: 252.21469pt x 204.85983pt.
 [6]
[7 <./eijkel2.pdf>] (accv2016submission.bbl
Underfull \hbox (badness 5519) in paragraph at lines 9--12
[]\OT1/cmr/m/n/9 Authors:  Frob-ni-ca-tion tu-to-rial (2016) Sup-plied as ad-di
-tional ma-te-rial
 []

) [8] (accv2016submission.aux) ) 
Here is how much of TeX's memory you used:
 2604 strings out of 493634
 30673 string characters out of 3151057
 103024 words of memory out of 3000000
 5963 multiletter control sequences out of 15000+200000
 12204 words of font info for 47 fonts, out of 3000000 for 9000
 1025 hyphenation exceptions out of 8191
 29i,10n,29p,539b,354s stack positions out of 5000i,500n,10000p,200000b,50000s
<C:/MiKTeX/fonts/type1/public/amsfonts/cm/cmbx1
0.pfb><C:/MiKTeX/fonts/type1/public/amsfonts/cm/cmbx12.pfb><C:/MiKTeX/fonts/typ
e1/public/amsfonts/cm/cmbx9.pfb><C:/MiKTeX/fonts/type1/public/amsfonts/cm/cmex1
0.pfb><C:/MiKTeX/fonts/type1/public/amsfonts/cm/cmmi10.pfb><C:/MiKTeX/fonts/typ
e1/public/amsfonts/cm/cmmi6.pfb><C:/MiKTeX/fonts/type1/public/amsfonts/cm/cmmi7
.pfb><C:/MiKTeX/fonts/type1/public/amsfonts/cm/cmmi9.pfb><C:/MiKTeX/fonts/type1
/public/amsfonts/cm/cmr10.pfb><C:/MiKTeX/fonts/type1/public/amsfonts/cm/cmr6.pf
b><C:/MiKTeX/fonts/type1/public/amsfonts/cm/cmr7.pfb><C:/MiKTeX/fonts/type1/pub
lic/amsfonts/cm/cmr9.pfb><C:/MiKTeX/fonts/type1/public/amsfonts/cm/cmss10.pfb><
C:/MiKTeX/fonts/type1/public/amsfonts/cm/cmss8.pfb><C:/MiKTeX/fonts/type1/publi
c/amsfonts/cm/cmss9.pfb><C:/MiKTeX/fonts/type1/public/amsfonts/cm/cmsy10.pfb><C
:/MiKTeX/fonts/type1/public/amsfonts/cm/cmsy7.pfb><C:/MiKTeX/fonts/type1/public
/amsfonts/cm/cmti10.pfb><C:/MiKTeX/fonts/type1/public/amsfonts/cm/cmti9.pfb><C:
/MiKTeX/fonts/type1/public/amsfonts/cm/cmtt10.pfb><C:/MiKTeX/fonts/type1/public
/amsfonts/cm/cmtt9.pfb>
Output written on accv2016submission.pdf (8 pages, 1335945 bytes).
PDF statistics:
 119 PDF objects out of 1000 (max. 8388607)
 0 named destinations out of 1000 (max. 500000)
 11 words of extra memory for PDF output out of 10000 (max. 10000000)

